[0117/211450.427:ERROR:directory_reader_win.cc(43)] FindFirstFile: The system cannot find the path specified. (0x3)
[0117/211807.557:ERROR:process_reader_win.cc(123)] NtOpenThread: An invalid Client ID was specified. (0xc000000b)
[0117/211807.568:ERROR:process_reader_win.cc(151)] SuspendThread: Access is denied. (0x5)
[0117/211807.568:ERROR:process_reader_win.cc(151)] SuspendThread: Access is denied. (0x5)
[0117/211807.568:ERROR:process_reader_win.cc(151)] SuspendThread: Access is denied. (0x5)
[0117/211807.568:ERROR:process_reader_win.cc(151)] SuspendThread: Access is denied. (0x5)
[0117/211807.568:ERROR:process_reader_win.cc(151)] SuspendThread: Access is denied. (0x5)
[0117/211807.568:ERROR:process_reader_win.cc(151)] SuspendThread: Access is denied. (0x5)
[0117/211807.572:ERROR:process_reader_win.cc(151)] SuspendThread: Access is denied. (0x5)
[0117/211807.572:ERROR:process_reader_win.cc(151)] SuspendThread: Access is denied. (0x5)
[0117/211807.572:ERROR:process_reader_win.cc(151)] SuspendThread: Access is denied. (0x5)
[0117/211807.572:ERROR:process_reader_win.cc(151)] SuspendThread: Access is denied. (0x5)
[0117/211807.572:ERROR:process_reader_win.cc(151)] SuspendThread: Access is denied. (0x5)
[0117/211807.572:ERROR:process_reader_win.cc(151)] SuspendThread: Access is denied. (0x5)
[0117/211807.572:ERROR:process_reader_win.cc(123)] NtOpenThread: {Access Denied} A process has requested access to an object, but has not been granted those access rights. (0xc0000022)
[0117/211807.572:ERROR:exception_snapshot_win.cc(99)] thread ID 19876 not found in process
[0117/211807.596:ERROR:process_reader_win.cc(123)] NtOpenThread: {Access Denied} A process has requested access to an object, but has not been granted those access rights. (0xc0000022)
[0117/211807.596:ERROR:exception_snapshot_win.cc(99)] thread ID 1560 not found in process
[0117/211807.632:ERROR:process_reader_win.cc(123)] NtOpenThread: {Access Denied} A process has requested access to an object, but has not been granted those access rights. (0xc0000022)
[0117/211807.632:ERROR:exception_snapshot_win.cc(99)] thread ID 11396 not found in process
[0117/211807.660:ERROR:process_reader_win.cc(123)] NtOpenThread: {Access Denied} A process has requested access to an object, but has not been granted those access rights. (0xc0000022)
[0117/211807.660:ERROR:exception_snapshot_win.cc(99)] thread ID 18272 not found in process
[0117/212824.350:ERROR:directory_reader_win.cc(43)] FindFirstFile: The system cannot find the path specified. (0x3)
